10-07-19 15:16 - INFO     Generate Details for all Certificates
10-07-19 15:16 - INFO     Processing: self_signed.crt
10-07-19 15:16 - INFO     Certificate:
    Data:
        Version: 3 (0x2)
        Serial Number: 12234936080068639610 (0xa9cb398a9619fb7a)
    Signature Algorithm: sha256WithRSAEncryption
        Issuer: C=AU, ST=QLD, L=Brisbane, O=Tabcorp, OU=Keno, CN=self_signed
        Validity
            Not Before: Oct 30 02:28:03 2014 GMT
            Not After : Oct 25 02:28:03 2034 GMT
        Subject: C=AU, ST=QLD, L=Brisbane, O=Tabcorp, OU=Keno, CN=self_signed
        Subject Public Key Info:
            Public Key Algorithm: rsaEncryption
                Public-Key: (2048 bit)
                Modulus:
                    00:c5:16:c8:79:bb:b8:aa:cd:f7:3a:9e:2b:65:a8:
                    94:b6:ad:2e:30:68:9e:3f:8b:85:ad:c3:42:96:33:
                    b3:2e:a1:b0:0b:31:1c:56:2b:81:b4:f8:14:c2:ef:
                    d3:d8:3b:5c:12:a0:cc:27:67:ce:9a:c3:e0:99:e9:
                    a7:bf:29:2f:ad:c0:ee:08:ec:85:ab:76:fa:89:15:
                    c1:28:4a:0a:7d:15:af:a2:b1:6c:93:ee:89:dd:40:
                    d3:09:81:66:19:08:d0:fe:d8:86:b0:fe:af:2d:c4:
                    9d:12:76:4b:0d:28:16:2f:80:41:b3:60:79:c8:77:
                    fc:6b:e1:ae:d8:c2:de:46:c4:9c:36:8e:cc:00:b0:
                    6e:a6:70:45:69:8e:e8:64:a5:3e:51:20:8b:76:01:
                    22:9e:8c:60:f1:8e:f5:c0:69:5a:a4:87:3b:24:c4:
                    38:4d:89:4f:18:4d:79:b7:de:57:3b:4f:b6:68:fc:
                    14:13:0f:e5:66:e4:33:66:51:06:65:cd:09:b2:a0:
                    d4:fd:47:ac:76:bd:f4:9f:84:db:53:8a:7d:53:a5:
                    58:2a:8c:91:8c:db:15:92:1b:bc:63:bf:98:84:e2:
                    75:0c:7f:1f:45:9a:f1:c8:3b:51:a3:16:95:2a:ed:
                    94:37:4c:2f:ee:0c:56:50:a7:02:f2:ac:a1:76:a6:
                    cd:61
                Exponent: 65537 (0x10001)
        X509v3 extensions:
            X509v3 Basic Constraints: 
                CA:FALSE
            X509v3 Subject Key Identifier: 
                C9:F9:5A:9C:24:6F:4B:E4:1D:11:A5:20:FE:2A:C6:77:E4:B7:73:8D
            X509v3 Authority Key Identifier: 
                keyid:C9:F9:5A:9C:24:6F:4B:E4:1D:11:A5:20:FE:2A:C6:77:E4:B7:73:8D

            X509v3 Key Usage: 
                Digital Signature, Non Repudiation, Key Encipherment, Data Encipherment
    Signature Algorithm: sha256WithRSAEncryption
         95:8f:51:a1:88:ab:b9:10:3d:bb:89:e4:99:0c:bf:bf:bd:49:
         e7:3b:6c:f4:8e:d4:1c:14:f0:49:a7:80:2c:4b:1e:dd:cb:47:
         85:4f:03:8c:66:eb:bf:7c:ea:c1:a2:80:31:1c:68:1c:66:3d:
         18:97:0d:89:f2:8b:e9:b4:3e:62:1e:88:54:e6:df:ec:78:6a:
         a6:77:7b:ec:57:76:44:f3:8c:19:0b:12:48:8d:63:a3:36:1b:
         bb:c4:37:80:81:ef:71:cc:77:f9:d0:6a:40:f2:95:16:44:6d:
         95:8d:db:7d:e3:36:53:9a:40:54:7f:bf:47:58:f7:e9:f0:f1:
         c9:4e:bb:8d:50:fb:85:03:47:94:45:1b:64:19:5f:b3:4c:e6:
         e1:9d:af:62:0c:85:53:b0:ec:80:c1:62:71:f4:03:77:d3:ca:
         9d:9b:33:6b:1c:4c:a1:2c:9c:bf:f5:26:c5:18:56:ba:38:a6:
         53:1e:bf:fd:0e:15:d7:8c:52:fb:e7:83:69:8a:76:b2:22:b8:
         8c:9a:d9:10:ca:25:be:a4:87:6b:59:48:7d:55:15:ea:83:a8:
         b1:0e:6c:70:26:ec:ba:54:26:64:93:31:be:02:ba:90:c9:aa:
         3f:2d:5e:3e:94:a3:16:40:64:2d:d9:85:d9:9f:62:a8:45:4a:
         1e:40:c9:c5

10-07-19 15:16 - INFO     Processing: rns_ca.crt
10-07-19 15:16 - INFO     Certificate:
    Data:
        Version: 3 (0x2)
        Serial Number: 18376432358643307665 (0xff0633de1fed9491)
    Signature Algorithm: sha256WithRSAEncryption
        Issuer: C=AU, ST=QLD, L=Brisbane, O=Tabcorp, OU=Keno, CN=rns_ca
        Validity
            Not Before: Oct 30 01:36:46 2014 GMT
            Not After : Oct 25 01:36:46 2034 GMT
        Subject: C=AU, ST=QLD, L=Brisbane, O=Tabcorp, OU=Keno, CN=rns_ca
        Subject Public Key Info:
            Public Key Algorithm: rsaEncryption
                Public-Key: (2048 bit)
                Modulus:
                    00:b2:d8:57:f5:c1:e6:7f:80:67:c8:56:ed:96:df:
                    22:79:04:2a:bb:da:66:2c:1a:f0:3a:2c:26:5d:48:
                    83:2b:bf:e9:2b:d9:a5:2c:cf:c1:f6:08:95:e5:db:
                    f3:d9:53:55:d3:b8:34:ca:3a:1d:b2:2d:5f:4a:c9:
                    07:82:1a:06:4b:07:e6:8b:d4:47:29:da:df:0f:7d:
                    4c:6f:87:a4:50:4f:1a:d1:9c:fd:a0:ca:bd:15:d9:
                    37:5f:93:0e:da:74:e8:a3:e0:4e:b3:27:d7:f8:4d:
                    8d:f7:4e:6d:e3:97:7f:36:7f:3f:99:8d:98:50:78:
                    4b:1d:26:b9:f5:ef:b1:0a:70:e9:cb:e1:e4:01:0d:
                    bc:b4:81:22:ab:6e:38:84:11:72:1a:a3:a8:96:50:
                    4c:51:24:8e:b1:bf:fa:33:ce:02:b4:58:3b:55:65:
                    36:a3:37:5c:d7:b7:de:20:56:e7:18:a6:0e:25:37:
                    c9:30:82:cf:91:ec:84:0e:7b:cf:cb:28:87:d6:5f:
                    73:39:53:c2:96:58:fe:98:d6:04:95:ec:b2:7c:4e:
                    5e:3a:ea:72:e5:3d:a1:12:1b:4b:bc:eb:e2:af:b1:
                    41:ad:6b:4a:bb:b5:f1:28:6c:e8:fb:2d:2e:7b:3c:
                    06:60:43:25:8f:82:7c:63:53:b9:75:1d:5a:21:cb:
                    ac:f9
                Exponent: 65537 (0x10001)
        X509v3 extensions:
            X509v3 Authority Key Identifier: 
                DirName:/C=AU/ST=QLD/L=Brisbane/O=Tabcorp/OU=Keno/CN=rns_ca
                serial:FF:06:33:DE:1F:ED:94:91

            X509v3 Subject Key Identifier: 
                0E:B9:51:D0:7C:54:88:7E:C2:72:58:F4:0E:35:7C:DA:CD:0A:03:80
            X509v3 Basic Constraints: 
                CA:TRUE
            X509v3 Key Usage: 
                Digital Signature, Non Repudiation, Key Encipherment, Data Encipherment, Certificate Sign, CRL Sign
    Signature Algorithm: sha256WithRSAEncryption
         58:80:36:e7:6c:25:df:d6:c5:5e:48:1f:c2:92:64:7b:23:29:
         e0:de:a3:43:33:a5:49:f4:4e:22:24:35:f9:a4:23:80:50:0c:
         9f:3f:51:79:91:61:84:c2:91:d7:66:3d:d7:75:8d:1e:8f:96:
         3f:a5:5c:43:87:89:6b:72:02:ef:54:9c:b3:12:c5:11:50:3b:
         a2:85:23:c8:cd:ad:73:5d:64:09:80:13:69:ad:c7:0e:33:0f:
         10:c5:d0:dd:54:38:9a:00:95:f8:ed:19:06:ea:41:f9:f3:c4:
         c6:c0:73:8a:8e:07:66:9e:de:02:8b:3b:0a:1a:5d:21:02:38:
         04:61:ee:83:63:73:1f:50:b3:09:2b:5b:7a:ae:d7:24:20:19:
         88:60:e2:b9:c4:7d:3a:31:02:dc:98:11:12:75:e1:8f:08:72:
         56:3c:06:74:de:39:06:da:37:a3:a1:bc:b0:8c:1d:c5:f4:40:
         4e:96:09:60:ee:c4:06:7a:83:46:52:9e:78:f5:7b:2a:23:e5:
         e6:94:03:af:c7:93:a0:56:20:cb:63:ca:56:14:07:f9:4b:bc:
         97:1a:ec:8c:29:e3:8b:af:8d:92:22:d6:aa:0d:81:af:f1:2c:
         b1:a9:42:34:ca:f8:99:1d:64:65:41:14:7c:8d:99:1a:2b:93:
         8a:68:4e:9b

10-07-19 15:16 - INFO     Processing: rns_client.crt
10-07-19 15:16 - INFO     Certificate:
    Data:
        Version: 3 (0x2)
        Serial Number: 15721585339229559672 (0xda2e4a91cac45b78)
    Signature Algorithm: sha256WithRSAEncryption
        Issuer: C=AU, ST=QLD, L=Brisbane, O=Tabcorp, OU=Keno, CN=rns_ca
        Validity
            Not Before: Oct 30 01:36:56 2014 GMT
            Not After : Oct 25 01:36:56 2034 GMT
        Subject: C=AU, ST=QLD, L=Brisbane, O=Tabcorp, OU=Keno, CN=rns_client
        Subject Public Key Info:
            Public Key Algorithm: rsaEncryption
                Public-Key: (2048 bit)
                Modulus:
                    00:df:68:17:f4:68:73:82:b3:53:56:1e:fa:ed:77:
                    ec:c5:5a:77:90:36:49:8b:6e:be:68:b7:5d:b7:f0:
                    2e:9b:14:73:22:c4:3b:91:68:77:30:95:c4:6d:a8:
                    cc:86:f9:2c:9b:43:46:f3:35:69:38:4e:bc:0c:ba:
                    c3:8e:c1:b4:dc:3f:f8:83:3f:fb:a5:10:ca:19:30:
                    63:59:4b:05:f8:47:a3:d7:8a:9a:24:fa:21:1a:93:
                    a0:e4:f6:d4:dd:85:d3:da:75:8b:9c:ff:2f:8f:2a:
                    23:0e:c2:71:5e:10:1d:01:7c:27:2b:e4:c6:86:2f:
                    6a:d0:a0:b8:3b:89:34:ab:89:3c:c9:b5:76:61:0d:
                    c4:dd:8a:c9:b1:ba:1a:32:67:cb:b9:76:91:47:10:
                    9c:46:a6:22:2c:f5:b3:c6:14:26:52:72:6c:92:53:
                    4c:8f:1a:3e:a3:11:1e:a5:5e:ad:d6:78:db:3d:bf:
                    c1:70:15:9e:b6:d9:e8:fe:66:25:dd:a8:19:bb:c1:
                    55:e1:b5:b5:8e:b2:6f:e1:2d:75:30:4b:e1:e9:96:
                    78:10:bb:c0:f4:95:f4:5d:a2:d5:33:33:48:ca:ba:
                    3c:26:dd:b8:68:54:f4:d9:d1:c8:cc:68:33:60:db:
                    34:f0:44:f5:7a:37:e7:09:91:97:f1:4a:92:44:6c:
                    ed:5f
                Exponent: 65537 (0x10001)
        X509v3 extensions:
            X509v3 Basic Constraints: 
                CA:FALSE
            X509v3 Subject Key Identifier: 
                0D:01:03:5F:D2:8F:53:A0:61:5B:17:10:A3:E7:22:4D:37:7A:16:04
            X509v3 Authority Key Identifier: 
                keyid:0E:B9:51:D0:7C:54:88:7E:C2:72:58:F4:0E:35:7C:DA:CD:0A:03:80

            X509v3 Key Usage: 
                Digital Signature, Non Repudiation, Key Encipherment, Data Encipherment
    Signature Algorithm: sha256WithRSAEncryption
         4b:99:ff:9d:09:a6:7c:0a:c9:ef:74:18:93:25:2e:24:f0:ac:
         7a:90:29:92:84:3c:11:a7:8d:43:81:d4:3c:0a:35:7e:76:74:
         95:ca:b7:c8:29:91:8a:83:98:ec:43:ee:e6:31:f4:8d:69:0d:
         5e:b0:97:99:ac:0c:d8:eb:48:6b:7b:99:1a:dd:82:33:8a:70:
         b2:e0:f6:2f:fc:b4:a7:23:60:c4:72:2d:32:19:4a:e2:5a:d8:
         ac:a0:41:93:24:99:60:fb:65:e0:20:68:4c:da:74:62:bc:1c:
         91:eb:fc:2f:cc:84:ad:4e:ca:31:4d:ce:b3:3e:8b:c7:7a:a4:
         2b:37:f3:76:bf:f8:6d:7a:56:05:4f:91:48:8d:17:6c:4e:e3:
         d4:38:ca:71:a4:94:cb:f0:51:ea:a4:84:6e:5f:ba:1e:6f:4b:
         1a:ba:e5:ed:82:e7:e5:12:7b:5c:b3:01:77:05:26:3e:e2:01:
         6b:f3:e3:87:8f:e4:3f:7e:a6:db:ae:90:c6:97:85:79:93:d3:
         04:b0:2c:5a:b9:26:d9:f4:78:2c:ab:c5:96:91:43:72:61:1e:
         c6:d5:de:cb:0a:03:b9:e0:ec:b5:74:ba:1d:10:4a:ac:c8:ab:
         ca:24:e9:e7:fb:a2:ee:bc:cc:5f:52:4c:74:45:be:a9:54:45:
         36:f4:47:5b

10-07-19 15:16 - INFO     Generate Details for all Keys
10-07-19 15:16 - INFO     Processing: rns_client.key
10-07-19 15:16 - INFO     Private-Key: (2048 bit)
modulus:
    00:df:68:17:f4:68:73:82:b3:53:56:1e:fa:ed:77:
    ec:c5:5a:77:90:36:49:8b:6e:be:68:b7:5d:b7:f0:
    2e:9b:14:73:22:c4:3b:91:68:77:30:95:c4:6d:a8:
    cc:86:f9:2c:9b:43:46:f3:35:69:38:4e:bc:0c:ba:
    c3:8e:c1:b4:dc:3f:f8:83:3f:fb:a5:10:ca:19:30:
    63:59:4b:05:f8:47:a3:d7:8a:9a:24:fa:21:1a:93:
    a0:e4:f6:d4:dd:85:d3:da:75:8b:9c:ff:2f:8f:2a:
    23:0e:c2:71:5e:10:1d:01:7c:27:2b:e4:c6:86:2f:
    6a:d0:a0:b8:3b:89:34:ab:89:3c:c9:b5:76:61:0d:
    c4:dd:8a:c9:b1:ba:1a:32:67:cb:b9:76:91:47:10:
    9c:46:a6:22:2c:f5:b3:c6:14:26:52:72:6c:92:53:
    4c:8f:1a:3e:a3:11:1e:a5:5e:ad:d6:78:db:3d:bf:
    c1:70:15:9e:b6:d9:e8:fe:66:25:dd:a8:19:bb:c1:
    55:e1:b5:b5:8e:b2:6f:e1:2d:75:30:4b:e1:e9:96:
    78:10:bb:c0:f4:95:f4:5d:a2:d5:33:33:48:ca:ba:
    3c:26:dd:b8:68:54:f4:d9:d1:c8:cc:68:33:60:db:
    34:f0:44:f5:7a:37:e7:09:91:97:f1:4a:92:44:6c:
    ed:5f
publicExponent: 65537 (0x10001)
privateExponent:
    7f:b8:47:f1:9f:81:62:18:59:2d:64:1a:ba:86:14:
    23:a3:9b:b5:23:84:1a:25:9e:cf:c8:fc:d8:3a:84:
    ba:7e:0f:70:b1:d5:08:45:3b:d6:d7:d8:6b:84:d4:
    20:d9:f5:29:72:65:ee:86:fb:77:88:73:b3:a7:56:
    43:97:f4:68:f2:5d:85:d3:9f:6e:f7:d1:42:63:4a:
    78:f3:0e:1f:a9:fd:3e:2d:6c:00:75:cb:55:21:4f:
    1b:77:0d:ac:f3:64:71:81:3f:e6:ea:70:eb:1d:00:
    db:e0:47:e5:a9:ba:9b:6d:ba:0b:3b:08:50:10:6d:
    b5:86:1c:ad:54:bc:7a:cf:b2:30:1e:47:96:72:1f:
    e2:f4:35:3a:f0:ae:dc:69:ab:68:e7:6e:73:e0:6d:
    c0:b3:4c:29:c6:0f:76:10:9f:11:2e:7e:4f:dc:49:
    e6:84:fb:5f:b3:ea:48:b3:e8:6a:63:f6:e8:a5:22:
    b9:1a:9a:b3:38:e5:06:4c:fc:17:bc:a0:12:09:6e:
    cd:d4:bf:18:03:78:57:4e:fa:78:79:9d:a3:33:87:
    34:b8:d9:2e:19:ed:40:aa:8f:76:fa:40:c1:4f:23:
    9f:4c:2d:03:f9:8b:41:d4:15:08:24:6b:9d:b8:c2:
    56:e4:d0:b4:76:e1:92:bb:64:9c:e5:f5:e8:f5:b4:
    c9
prime1:
    00:f1:22:9c:5d:f6:7c:0d:39:38:2e:61:7f:5f:3f:
    2d:44:00:bc:2c:a2:3d:56:17:9c:c5:c8:22:d5:bf:
    8a:8f:71:0d:43:dd:f3:43:52:ae:75:7b:62:2f:a1:
    32:be:ba:48:f1:30:aa:07:94:af:e4:82:59:48:0c:
    23:db:8e:d5:fe:e9:97:ce:69:df:60:fa:e7:a3:f9:
    44:a5:fc:77:31:d5:e1:da:31:eb:5e:87:18:fc:31:
    e5:da:cd:92:13:d8:46:b5:c8:12:20:91:be:ff:9e:
    3d:70:6b:fa:e0:21:b7:7e:e3:f0:9c:b5:dd:1f:df:
    96:0a:84:77:3b:da:6a:ae:0b
prime2:
    00:ed:2d:b4:98:72:eb:b3:93:6e:80:d5:f3:ce:f4:
    9e:6e:96:4a:df:e1:fe:03:dd:67:fc:d4:dd:4c:97:
    52:45:66:ef:a0:70:23:d0:81:6e:91:40:8f:24:2b:
    9a:08:f6:82:59:36:f2:c9:ba:4a:72:20:da:bc:83:
    cd:41:e7:d5:6b:80:e7:91:4c:6c:ea:93:a6:d3:ad:
    19:2d:ef:39:29:5d:78:52:84:93:0e:15:df:3a:4e:
    a0:8b:e3:6d:98:37:19:94:78:4f:54:f5:7c:74:f0:
    96:a7:d6:d5:94:71:6e:aa:4a:9f:38:d4:43:8f:6e:
    b6:78:c1:16:cc:43:c3:16:7d
exponent1:
    20:4e:ff:de:83:21:19:f0:79:bb:95:2a:a8:cb:61:
    38:44:54:f2:32:06:bf:db:48:11:24:00:ae:dd:0c:
    26:ae:02:15:fe:ce:12:4e:28:bb:ea:fd:3b:de:80:
    5b:17:c0:a0:38:61:ff:c4:07:51:39:b9:d6:b2:71:
    b7:80:4a:e1:ed:d0:7e:42:a7:40:6a:3d:d1:35:9b:
    e2:15:92:ae:e5:b6:6e:32:d4:13:85:4c:6e:b6:0c:
    d3:25:4a:16:48:9b:28:ce:16:c7:b0:5f:84:06:62:
    bb:06:6c:c5:cd:1e:b5:ec:ba:97:74:b2:9d:0b:ab:
    21:db:9f:d2:30:30:ad:03
exponent2:
    1e:20:d1:31:10:60:1a:86:9e:e1:e4:cb:bc:bd:5c:
    26:c6:16:aa:cb:e5:5d:8e:51:78:4f:7d:f1:0d:c3:
    d8:a7:13:c7:78:97:44:14:3c:fc:5c:8c:12:57:2b:
    90:f9:e7:62:f7:d4:ed:85:29:91:c7:d4:a1:5f:c8:
    c2:17:76:07:da:ef:0f:88:fa:c8:ed:8a:a2:96:f9:
    7c:d9:47:94:96:98:03:3b:6e:06:bb:06:89:3c:95:
    ae:4f:6c:8b:8a:6c:48:6c:e3:fe:f1:d4:26:72:ad:
    60:92:ac:bc:d7:8f:ec:37:e0:73:f2:9a:c6:6c:94:
    e7:4f:f7:da:68:bd:2e:6d
coefficient:
    00:99:26:c3:96:6e:aa:09:b3:dd:f7:fc:a0:24:52:
    7f:73:63:93:2b:7d:f7:6e:8a:c5:d3:69:ca:5d:1d:
    0c:0d:c9:f6:89:a1:9d:2e:d6:2e:12:e6:0f:76:a1:
    c2:55:27:d5:fd:c4:60:40:12:ef:2a:34:81:0d:37:
    6d:2a:a1:cf:ef:47:c8:70:4b:cb:18:5c:5e:19:ab:
    ef:67:e8:b6:e1:19:f4:0e:47:b1:2a:74:ea:d2:d0:
    af:a3:2b:e6:e8:0e:5b:f5:72:56:be:4c:59:69:f5:
    35:ad:c8:42:be:e7:9e:8b:26:75:3f:9d:f8:41:b8:
    96:7e:75:40:e5:04:5f:7a:cc

10-07-19 15:16 - INFO     Processing: rns_ca.key
10-07-19 15:16 - INFO     Private-Key: (2048 bit)
modulus:
    00:b2:d8:57:f5:c1:e6:7f:80:67:c8:56:ed:96:df:
    22:79:04:2a:bb:da:66:2c:1a:f0:3a:2c:26:5d:48:
    83:2b:bf:e9:2b:d9:a5:2c:cf:c1:f6:08:95:e5:db:
    f3:d9:53:55:d3:b8:34:ca:3a:1d:b2:2d:5f:4a:c9:
    07:82:1a:06:4b:07:e6:8b:d4:47:29:da:df:0f:7d:
    4c:6f:87:a4:50:4f:1a:d1:9c:fd:a0:ca:bd:15:d9:
    37:5f:93:0e:da:74:e8:a3:e0:4e:b3:27:d7:f8:4d:
    8d:f7:4e:6d:e3:97:7f:36:7f:3f:99:8d:98:50:78:
    4b:1d:26:b9:f5:ef:b1:0a:70:e9:cb:e1:e4:01:0d:
    bc:b4:81:22:ab:6e:38:84:11:72:1a:a3:a8:96:50:
    4c:51:24:8e:b1:bf:fa:33:ce:02:b4:58:3b:55:65:
    36:a3:37:5c:d7:b7:de:20:56:e7:18:a6:0e:25:37:
    c9:30:82:cf:91:ec:84:0e:7b:cf:cb:28:87:d6:5f:
    73:39:53:c2:96:58:fe:98:d6:04:95:ec:b2:7c:4e:
    5e:3a:ea:72:e5:3d:a1:12:1b:4b:bc:eb:e2:af:b1:
    41:ad:6b:4a:bb:b5:f1:28:6c:e8:fb:2d:2e:7b:3c:
    06:60:43:25:8f:82:7c:63:53:b9:75:1d:5a:21:cb:
    ac:f9
publicExponent: 65537 (0x10001)
privateExponent:
    2a:67:97:7b:82:cd:17:40:27:db:5d:99:19:e3:b0:
    35:c7:62:26:86:63:21:64:05:bf:95:46:47:69:f1:
    08:07:89:ce:c6:dd:1e:21:e8:98:60:72:c2:3c:83:
    b5:ec:c7:75:da:c0:51:8e:b4:09:d2:2e:3c:fa:2b:
    58:92:b9:19:43:37:4b:c2:3a:59:57:36:fa:62:38:
    24:5d:a1:fd:14:b4:84:2c:d8:0a:2e:e7:e4:6d:4b:
    6e:d2:dc:7b:b9:aa:8b:68:9c:e0:67:bb:12:79:b9:
    06:81:47:16:e6:8d:d8:2b:15:b6:5f:d7:54:85:21:
    32:39:43:70:67:b3:af:88:ae:be:51:01:d0:97:f5:
    2a:14:e6:56:64:b1:1b:e7:3d:7f:77:90:38:bb:a5:
    ba:29:e4:5c:57:7e:c7:6c:de:f9:b4:00:00:2c:b4:
    39:c6:1c:9c:65:50:21:35:1c:ac:0f:2a:a6:44:27:
    6c:f1:ef:ce:46:fb:26:6a:8f:e2:09:eb:21:b3:88:
    4e:b0:35:8e:ae:cd:a3:ed:1e:2c:5d:d1:1b:c4:ec:
    61:3b:2b:54:35:43:46:b8:d9:d3:b2:ec:5f:df:c7:
    20:2c:f1:41:50:d2:e7:ea:81:e3:41:9b:8b:b5:13:
    66:87:a7:ec:27:81:e2:d3:a7:fa:d6:be:cf:94:f5:
    81
prime1:
    00:d7:01:9d:18:2a:89:eb:de:d6:3c:78:e2:95:5a:
    0c:37:69:ab:98:4a:32:6a:b0:20:bc:95:c8:4b:4a:
    a0:07:48:fe:c4:6c:8d:22:81:d8:45:9b:6c:fa:99:
    7c:15:06:13:67:34:3e:71:b9:df:ed:af:2a:94:92:
    76:c7:ca:18:ca:46:8a:d2:f5:44:49:5a:12:9b:3d:
    30:da:06:fa:a1:e7:67:13:63:db:a4:83:e9:0f:77:
    f8:e0:e6:3a:bd:a0:e6:2f:4d:0c:f8:b6:5d:4d:82:
    f8:8e:ef:36:51:f3:ec:32:bd:42:c6:f6:4e:01:69:
    2e:f5:54:a9:10:e4:29:37:51
prime2:
    00:d4:f1:b6:95:ad:00:a1:c4:0e:1a:51:88:a9:e4:
    79:9d:c2:22:75:48:3f:51:3f:7d:b9:86:72:1a:c5:
    99:9e:fc:a8:11:ee:f1:ce:34:36:81:de:24:19:46:
    6b:17:60:f2:0f:cf:dc:f5:fb:2b:47:c2:fb:3e:6c:
    af:bc:a7:d2:49:81:06:7e:a7:64:ec:76:0b:b3:32:
    df:d4:b7:a3:5f:b7:62:6b:ef:65:fb:1e:84:0a:71:
    af:e0:57:ec:67:28:53:94:b9:8f:ab:e2:d0:63:d8:
    1b:79:5e:76:19:3f:c0:87:37:9a:22:ff:07:24:33:
    12:38:04:99:9f:9c:b2:81:29
exponent1:
    67:b2:fe:8a:de:51:81:33:0c:0f:44:9a:bc:40:1f:
    2e:46:c8:1d:7e:83:cc:93:40:66:d4:b3:33:25:3e:
    03:e5:80:03:4a:fb:d3:4d:de:fa:cb:99:07:51:29:
    d8:96:02:9b:bf:45:f2:e2:1c:8f:ed:f1:52:91:45:
    ba:dc:cd:92:19:ed:f1:0b:9c:b0:e8:41:9b:20:2b:
    44:ad:23:0b:1d:a9:c8:5f:5c:5b:7f:c7:d3:cf:20:
    79:90:71:7a:6e:75:37:11:29:95:77:97:8e:c0:01:
    94:26:ea:03:22:eb:a4:19:46:70:e1:f1:03:9b:30:
    ab:e0:f6:5e:10:3d:94:d1
exponent2:
    00:a3:37:d6:64:69:63:97:9a:87:d8:c2:70:07:10:
    b9:eb:22:d7:78:9f:f4:f0:58:c3:0c:46:32:05:b5:
    39:e7:b3:ef:3b:37:b4:1e:02:c5:58:cb:a5:4d:be:
    3c:ed:81:80:68:80:41:f4:45:1d:ca:76:78:4f:43:
    cd:7b:c4:02:9a:16:8c:9c:dd:bf:ac:c3:5a:7a:73:
    5f:3f:53:b6:a4:f2:12:3d:7b:14:e6:e3:60:00:05:
    5d:f2:8e:52:04:4b:d3:ac:a6:82:aa:14:42:f8:94:
    b7:92:52:c6:20:da:4d:bf:16:ee:4d:2e:bf:11:8f:
    17:c2:da:3b:ca:2c:b8:61:e9
coefficient:
    35:40:36:f3:96:47:e7:01:55:8d:89:33:3c:f5:d8:
    33:eb:b1:01:86:7b:18:ed:44:4c:da:a0:36:ac:00:
    3b:2b:2e:c6:fe:f9:b2:de:cc:8f:e7:f8:0c:02:d5:
    78:06:2f:62:29:f3:60:f4:09:9a:8c:15:a4:38:27:
    85:8a:8e:91:99:c8:ef:9c:57:fe:fd:de:9d:2f:73:
    7e:41:a3:1d:f3:fa:2f:d5:db:5a:4f:fa:66:b2:e6:
    49:1f:54:4f:30:f7:d6:55:d0:e5:91:20:9d:05:27:
    a0:75:e8:1b:e6:d0:5e:f8:01:18:aa:06:55:58:13:
    e2:ba:32:c8:4a:93:3d:c6

10-07-19 15:16 - INFO     Processing: self_signed.key
10-07-19 15:16 - INFO     Private-Key: (2048 bit)
modulus:
    00:c5:16:c8:79:bb:b8:aa:cd:f7:3a:9e:2b:65:a8:
    94:b6:ad:2e:30:68:9e:3f:8b:85:ad:c3:42:96:33:
    b3:2e:a1:b0:0b:31:1c:56:2b:81:b4:f8:14:c2:ef:
    d3:d8:3b:5c:12:a0:cc:27:67:ce:9a:c3:e0:99:e9:
    a7:bf:29:2f:ad:c0:ee:08:ec:85:ab:76:fa:89:15:
    c1:28:4a:0a:7d:15:af:a2:b1:6c:93:ee:89:dd:40:
    d3:09:81:66:19:08:d0:fe:d8:86:b0:fe:af:2d:c4:
    9d:12:76:4b:0d:28:16:2f:80:41:b3:60:79:c8:77:
    fc:6b:e1:ae:d8:c2:de:46:c4:9c:36:8e:cc:00:b0:
    6e:a6:70:45:69:8e:e8:64:a5:3e:51:20:8b:76:01:
    22:9e:8c:60:f1:8e:f5:c0:69:5a:a4:87:3b:24:c4:
    38:4d:89:4f:18:4d:79:b7:de:57:3b:4f:b6:68:fc:
    14:13:0f:e5:66:e4:33:66:51:06:65:cd:09:b2:a0:
    d4:fd:47:ac:76:bd:f4:9f:84:db:53:8a:7d:53:a5:
    58:2a:8c:91:8c:db:15:92:1b:bc:63:bf:98:84:e2:
    75:0c:7f:1f:45:9a:f1:c8:3b:51:a3:16:95:2a:ed:
    94:37:4c:2f:ee:0c:56:50:a7:02:f2:ac:a1:76:a6:
    cd:61
publicExponent: 65537 (0x10001)
privateExponent:
    0e:b9:45:00:d3:25:58:9d:4a:7a:f6:96:07:62:30:
    b9:f4:f6:1e:67:b2:6a:cc:e1:8f:b9:a6:9f:d1:fc:
    f0:de:e3:67:f2:a3:4b:4c:b4:c3:f0:44:9c:cb:8d:
    e7:f9:87:47:5c:fb:e3:75:bd:d9:92:08:95:76:ff:
    31:28:c2:87:18:82:af:e7:fb:94:73:af:03:ce:bc:
    3f:66:48:a2:4f:9c:6f:6b:11:d1:7b:60:91:46:e6:
    7d:2f:4d:91:51:37:4b:d2:a1:3d:57:c9:7e:81:d1:
    ba:2f:5c:2b:ff:72:a8:d9:cc:0e:ba:86:5e:93:98:
    27:f7:14:38:dd:55:fd:b3:50:cc:a7:b0:6c:6c:a8:
    8f:4e:d8:e1:7c:23:2c:65:6a:f3:6e:99:2f:e0:de:
    1a:c1:41:78:9e:73:e2:27:9b:c1:d7:7a:67:df:1d:
    df:d6:1e:da:85:08:97:ea:7f:aa:43:50:ca:ba:58:
    95:47:8c:c9:c3:2e:cc:e4:71:fa:9a:76:3f:43:59:
    74:ea:7a:41:cc:e3:66:69:24:a4:c2:ce:ed:72:6e:
    08:0d:dc:7a:be:9f:3a:95:03:a9:dd:29:98:ba:0e:
    24:9f:52:f2:f2:48:a5:69:3c:69:ec:0e:2d:3d:f8:
    29:bb:f3:a5:ee:b9:bd:5a:f4:40:2d:ba:90:20:0c:
    81
prime1:
    00:f3:71:e9:ee:db:e6:36:66:bc:23:7c:7a:d8:cb:
    26:21:0d:1d:d1:ac:80:20:f0:f0:15:32:5c:61:b5:
    f0:6d:68:c8:a7:a2:ed:c0:66:01:7e:4e:2b:20:82:
    80:10:b1:f9:bd:c5:e6:55:88:45:f6:9f:0b:3b:1d:
    40:df:a7:bf:c7:7b:7e:70:bd:17:a9:8f:fb:2f:b7:
    c0:12:42:82:a6:41:7a:4d:c4:61:1d:0c:8c:67:6a:
    ad:7f:9c:8a:c1:bd:1f:22:85:87:c7:c4:1d:5b:1c:
    2a:a8:f0:a4:c7:c4:8b:42:79:a6:f4:17:83:5b:34:
    56:99:aa:8a:a0:1a:de:7d:67
prime2:
    00:cf:40:da:8f:1f:ec:42:7f:bc:12:03:67:7a:3d:
    05:6c:47:b1:c0:8f:40:b1:97:e4:70:e0:aa:65:28:
    d3:63:89:61:12:b4:5f:5e:dc:72:21:e8:0c:6f:1e:
    9e:4c:24:c9:ae:48:26:4d:9e:dc:3a:d7:be:96:66:
    2c:a7:a0:f4:f3:e7:27:ca:b8:73:d1:bc:8e:a0:c2:
    4d:68:f7:8a:fe:60:bc:d8:7d:cf:31:1f:84:89:b2:
    eb:d1:c0:78:6c:39:59:8d:28:90:0b:41:a2:a1:25:
    46:1b:25:73:e3:80:85:2c:87:0d:1b:f2:da:fc:26:
    f1:ca:94:ff:24:9b:a5:59:f7
exponent1:
    16:3d:4a:d4:a2:4c:16:9e:2e:03:c3:e4:69:17:ad:
    e5:09:10:b7:4d:dd:ea:a4:78:1a:47:9e:7e:e2:a3:
    13:2b:a6:61:02:16:5c:24:35:70:b7:6d:63:2b:e8:
    cd:1d:a5:25:fc:05:3d:bd:14:3f:22:6a:61:3d:1b:
    e7:12:a9:07:6d:35:b0:d0:e5:6f:7d:12:c2:5a:33:
    f6:b7:12:be:63:6e:eb:d9:cb:d1:5e:8b:19:0b:7a:
    cc:14:9d:ec:72:fd:7c:26:dc:af:98:2f:e2:59:e1:
    5f:cb:94:12:17:d7:6c:fc:36:0f:48:72:9c:8b:5c:
    79:ef:45:78:b8:db:a8:73
exponent2:
    00:b9:fe:ea:e6:2d:70:fb:50:e5:38:89:43:91:49:
    38:17:af:d3:cf:0b:00:b5:20:aa:8b:be:a4:4c:fa:
    b1:93:0f:94:45:94:08:4e:fa:a9:96:d2:48:6e:64:
    dd:0d:5a:aa:80:b5:11:62:f1:a1:95:51:4f:22:6c:
    79:c0:ca:4b:6a:a4:55:6a:b1:d4:87:32:a0:11:97:
    ae:9e:f8:21:0e:1f:44:fb:49:14:eb:71:ec:a1:23:
    28:4d:6a:5c:e8:4b:23:99:f2:00:2b:89:f0:e8:8b:
    a9:f9:ec:c7:af:31:04:d3:2c:34:50:93:c7:81:29:
    76:2f:27:3e:3e:dd:4c:2c:8b
coefficient:
    08:7a:d4:f1:01:b4:53:e3:fe:f7:b8:7f:ab:b3:a5:
    3b:c3:ed:56:13:c0:45:52:de:20:11:d6:ac:df:27:
    75:e6:90:c6:6a:26:3d:7b:41:54:2a:6e:9d:7f:de:
    c1:3f:7a:28:d5:86:16:2f:c2:7f:35:3f:f8:ab:15:
    68:0a:d1:a2:42:5f:23:67:85:82:18:87:72:d2:8e:
    be:a8:69:87:3f:d1:89:28:b5:36:23:53:ef:f7:c7:
    a6:0c:8c:ec:8a:d1:a5:73:3d:cc:06:cc:67:b1:ea:
    46:8b:51:c2:f0:85:2a:ce:59:54:b5:3f:79:1d:c8:
    5e:5b:ff:04:d1:58:01:2b

